
Lmod is automatically replacing "cray-mpich/8.1.28" with "openmpi/5.0.0".

Warning: no DISPLAY environment variable.
--No graphics will be displayed.
OSError: [Errno 122] Disk quota exceeded

During handling of the above exception, another exception occurred:

Traceback (most recent call last):
